FPEVT SYNC 562193.7024940834
FPEVT HIT p2 1 0.6344 562194.2516094168
FPEVT HIT p1 2 0.6623 562195.2509433752
FPEVT HIT p2 3 0.4089 562196.1673625001
FPEVT HIT p1 4 0.1721 562197.0176551668
2026-06-17 08:21:07.085 FacePong[27229:8691074] SKScene: Setting the position of a SKScene has no effect.
2026-06-17 08:21:07.101 FacePong[27229:8691074] SKScene: Setting the position of a SKScene has no effect.
2026-06-17 08:21:07.118 FacePong[27229:8691074] SKScene: Setting the position of a SKScene has no effect.
2026-06-17 08:21:07.134 FacePong[27229:8691074] SKScene: Setting the position of a SKScene has no effect.
2026-06-17 08:21:07.151 FacePong[27229:8691074] SKScene: Setting the position of a SKScene has no effect.
2026-06-17 08:21:07.168 FacePong[27229:8691074] SKScene: Setting the position of a SKScene has no effect.
2026-06-17 08:21:07.185 FacePong[27229:8691074] SKScene: Setting the position of a SKScene has no effect.
2026-06-17 08:21:07.201 FacePong[27229:8691074] SKScene: Setting the position of a SKScene has no effect.
2026-06-17 08:21:07.217 FacePong[27229:8691074] SKScene: Setting the position of a SKScene has no effect.
2026-06-17 08:21:07.234 FacePong[27229:8691074] SKScene: Setting the position of a SKScene has no effect.
2026-06-17 08:21:07.251 FacePong[27229:8691074] SKScene: Setting the position of a SKScene has no effect.
2026-06-17 08:21:07.268 FacePong[27229:8691074] SKScene: Setting the position of a SKScene has no effect.
2026-06-17 08:21:07.284 FacePong[27229:8691074] SKScene: Setting the position of a SKScene has no effect.
2026-06-17 08:21:07.301 FacePong[27229:8691074] SKScene: Setting the position of a SKScene has no effect.
2026-06-17 08:21:07.318 FacePong[27229:8691074] SKScene: Setting the position of a SKScene has no effect.
2026-06-17 08:21:07.334 FacePong[27229:8691074] SKScene: Setting the position of a SKScene has no effect.
FPEVT HIT p2 5 0.3831 562197.7839272501
2026-06-17 08:21:07.850 FacePong[27229:8691074] SKScene: Setting the position of a SKScene has no effect.
2026-06-17 08:21:07.883 FacePong[27229:8691074] SKScene: Setting the position of a SKScene has no effect.
2026-06-17 08:21:07.901 FacePong[27229:8691074] SKScene: Setting the position of a SKScene has no effect.
2026-06-17 08:21:07.933 FacePong[27229:8691074] SKScene: Setting the position of a SKScene has no effect.
2026-06-17 08:21:07.950 FacePong[27229:8691074] SKScene: Setting the position of a SKScene has no effect.
2026-06-17 08:21:07.967 FacePong[27229:8691074] SKScene: Setting the position of a SKScene has no effect.
2026-06-17 08:21:07.983 FacePong[27229:8691074] SKScene: Setting the position of a SKScene has no effect.
2026-06-17 08:21:08.000 FacePong[27229:8691074] SKScene: Setting the position of a SKScene has no effect.
2026-06-17 08:21:08.017 FacePong[27229:8691074] SKScene: Setting the position of a SKScene has no effect.
2026-06-17 08:21:08.034 FacePong[27229:8691074] SKScene: Setting the position of a SKScene has no effect.
2026-06-17 08:21:08.050 FacePong[27229:8691074] SKScene: Setting the position of a SKScene has no effect.
2026-06-17 08:21:08.067 FacePong[27229:8691074] SKScene: Setting the position of a SKScene has no effect.
2026-06-17 08:21:08.083 FacePong[27229:8691074] SKScene: Setting the position of a SKScene has no effect.
2026-06-17 08:21:08.100 FacePong[27229:8691074] SKScene: Setting the position of a SKScene has no effect.
FPEVT HIT p1 6 0.5578 562198.5010827502
2026-06-17 08:21:08.568 FacePong[27229:8691074] SKScene: Setting the position of a SKScene has no effect.
2026-06-17 08:21:08.584 FacePong[27229:8691074] SKScene: Setting the position of a SKScene has no effect.
2026-06-17 08:21:08.601 FacePong[27229:8691074] SKScene: Setting the position of a SKScene has no effect.
2026-06-17 08:21:08.617 FacePong[27229:8691074] SKScene: Setting the position of a SKScene has no effect.
2026-06-17 08:21:08.634 FacePong[27229:8691074] SKScene: Setting the position of a SKScene has no effect.
2026-06-17 08:21:08.651 FacePong[27229:8691074] SKScene: Setting the position of a SKScene has no effect.
2026-06-17 08:21:08.667 FacePong[27229:8691074] SKScene: Setting the position of a SKScene has no effect.
2026-06-17 08:21:08.684 FacePong[27229:8691074] SKScene: Setting the position of a SKScene has no effect.
2026-06-17 08:21:08.701 FacePong[27229:8691074] SKScene: Setting the position of a SKScene has no effect.
2026-06-17 08:21:08.718 FacePong[27229:8691074] SKScene: Setting the position of a SKScene has no effect.
2026-06-17 08:21:08.734 FacePong[27229:8691074] SKScene: Setting the position of a SKScene has no effect.
2026-06-17 08:21:08.751 FacePong[27229:8691074] SKScene: Setting the position of a SKScene has no effect.
2026-06-17 08:21:08.767 FacePong[27229:8691074] SKScene: Setting the position of a SKScene has no effect.
2026-06-17 08:21:08.784 FacePong[27229:8691074] SKScene: Setting the position of a SKScene has no effect.
2026-06-17 08:21:08.801 FacePong[27229:8691074] SKScene: Setting the position of a SKScene has no effect.
2026-06-17 08:21:08.817 FacePong[27229:8691074] SKScene: Setting the position of a SKScene has no effect.
FPEVT HIT p2 7 0.2269 562199.1674322918
2026-06-17 08:21:09.234 FacePong[27229:8691074] SKScene: Setting the position of a SKScene has no effect.
2026-06-17 08:21:09.251 FacePong[27229:8691074] SKScene: Setting the position of a SKScene has no effect.
2026-06-17 08:21:09.267 FacePong[27229:8691074] SKScene: Setting the position of a SKScene has no effect.
2026-06-17 08:21:09.284 FacePong[27229:8691074] SKScene: Setting the position of a SKScene has no effect.
2026-06-17 08:21:09.301 FacePong[27229:8691074] SKScene: Setting the position of a SKScene has no effect.
2026-06-17 08:21:09.317 FacePong[27229:8691074] SKScene: Setting the position of a SKScene has no effect.
2026-06-17 08:21:09.335 FacePong[27229:8691074] SKScene: Setting the position of a SKScene has no effect.
2026-06-17 08:21:09.351 FacePong[27229:8691074] SKScene: Setting the position of a SKScene has no effect.
2026-06-17 08:21:09.368 FacePong[27229:8691074] SKScene: Setting the position of a SKScene has no effect.
2026-06-17 08:21:09.384 FacePong[27229:8691074] SKScene: Setting the position of a SKScene has no effect.
2026-06-17 08:21:09.401 FacePong[27229:8691074] SKScene: Setting the position of a SKScene has no effect.
2026-06-17 08:21:09.418 FacePong[27229:8691074] SKScene: Setting the position of a SKScene has no effect.
2026-06-17 08:21:09.434 FacePong[27229:8691074] SKScene: Setting the position of a SKScene has no effect.
2026-06-17 08:21:09.451 FacePong[27229:8691074] SKScene: Setting the position of a SKScene has no effect.
2026-06-17 08:21:09.468 FacePong[27229:8691074] SKScene: Setting the position of a SKScene has no effect.
2026-06-17 08:21:09.484 FacePong[27229:8691074] SKScene: Setting the position of a SKScene has no effect.
FPEVT HIT p1 8 0.2295 562199.7676270001
2026-06-17 08:21:09.835 FacePong[27229:8691074] SKScene: Setting the position of a SKScene has no effect.
2026-06-17 08:21:09.851 FacePong[27229:8691074] SKScene: Setting the position of a SKScene has no effect.
2026-06-17 08:21:09.868 FacePong[27229:8691074] SKScene: Setting the position of a SKScene has no effect.
2026-06-17 08:21:09.884 FacePong[27229:8691074] SKScene: Setting the position of a SKScene has no effect.
2026-06-17 08:21:09.901 FacePong[27229:8691074] SKScene: Setting the position of a SKScene has no effect.
2026-06-17 08:21:09.917 FacePong[27229:8691074] SKScene: Setting the position of a SKScene has no effect.
2026-06-17 08:21:09.934 FacePong[27229:8691074] SKScene: Setting the position of a SKScene has no effect.
2026-06-17 08:21:09.951 FacePong[27229:8691074] SKScene: Setting the position of a SKScene has no effect.
2026-06-17 08:21:09.967 FacePong[27229:8691074] SKScene: Setting the position of a SKScene has no effect.
2026-06-17 08:21:09.984 FacePong[27229:8691074] SKScene: Setting the position of a SKScene has no effect.
2026-06-17 08:21:10.001 FacePong[27229:8691074] SKScene: Setting the position of a SKScene has no effect.
2026-06-17 08:21:10.017 FacePong[27229:8691074] SKScene: Setting the position of a SKScene has no effect.
2026-06-17 08:21:10.034 FacePong[27229:8691074] SKScene: Setting the position of a SKScene has no effect.
2026-06-17 08:21:10.051 FacePong[27229:8691074] SKScene: Setting the position of a SKScene has no effect.
2026-06-17 08:21:10.068 FacePong[27229:8691074] SKScene: Setting the position of a SKScene has no effect.
2026-06-17 08:21:10.084 FacePong[27229:8691074] SKScene: Setting the position of a SKScene has no effect.
FPEVT HIT p2 9 0.4632 562200.3341703335
2026-06-17 08:21:10.401 FacePong[27229:8691074] SKScene: Setting the position of a SKScene has no effect.
2026-06-17 08:21:10.417 FacePong[27229:8691074] SKScene: Setting the position of a SKScene has no effect.
2026-06-17 08:21:10.434 FacePong[27229:8691074] SKScene: Setting the position of a SKScene has no effect.
2026-06-17 08:21:10.451 FacePong[27229:8691074] SKScene: Setting the position of a SKScene has no effect.
2026-06-17 08:21:10.468 FacePong[27229:8691074] SKScene: Setting the position of a SKScene has no effect.
2026-06-17 08:21:10.484 FacePong[27229:8691074] SKScene: Setting the position of a SKScene has no effect.
2026-06-17 08:21:10.501 FacePong[27229:8691074] SKScene: Setting the position of a SKScene has no effect.
2026-06-17 08:21:10.517 FacePong[27229:8691074] SKScene: Setting the position of a SKScene has no effect.
2026-06-17 08:21:10.534 FacePong[27229:8691074] SKScene: Setting the position of a SKScene has no effect.
2026-06-17 08:21:10.551 FacePong[27229:8691074] SKScene: Setting the position of a SKScene has no effect.
2026-06-17 08:21:10.567 FacePong[27229:8691074] SKScene: Setting the position of a SKScene has no effect.
2026-06-17 08:21:10.584 FacePong[27229:8691074] SKScene: Setting the position of a SKScene has no effect.
2026-06-17 08:21:10.601 FacePong[27229:8691074] SKScene: Setting the position of a SKScene has no effect.
2026-06-17 08:21:10.617 FacePong[27229:8691074] SKScene: Setting the position of a SKScene has no effect.
2026-06-17 08:21:10.634 FacePong[27229:8691074] SKScene: Setting the position of a SKScene has no effect.
2026-06-17 08:21:10.651 FacePong[27229:8691074] SKScene: Setting the position of a SKScene has no effect.
FPEVT HIT p1 10 0.2453 562200.8508608751
2026-06-17 08:21:10.918 FacePong[27229:8691074] SKScene: Setting the position of a SKScene has no effect.
2026-06-17 08:21:10.934 FacePong[27229:8691074] SKScene: Setting the position of a SKScene has no effect.
2026-06-17 08:21:10.950 FacePong[27229:8691074] SKScene: Setting the position of a SKScene has no effect.
2026-06-17 08:21:10.967 FacePong[27229:8691074] SKScene: Setting the position of a SKScene has no effect.
2026-06-17 08:21:10.986 FacePong[27229:8691074] SKScene: Setting the position of a SKScene has no effect.
2026-06-17 08:21:11.000 FacePong[27229:8691074] SKScene: Setting the position of a SKScene has no effect.
2026-06-17 08:21:11.017 FacePong[27229:8691074] SKScene: Setting the position of a SKScene has no effect.
2026-06-17 08:21:11.034 FacePong[27229:8691074] SKScene: Setting the position of a SKScene has no effect.
2026-06-17 08:21:11.051 FacePong[27229:8691074] SKScene: Setting the position of a SKScene has no effect.
2026-06-17 08:21:11.067 FacePong[27229:8691074] SKScene: Setting the position of a SKScene has no effect.
2026-06-17 08:21:11.084 FacePong[27229:8691074] SKScene: Setting the position of a SKScene has no effect.
2026-06-17 08:21:11.101 FacePong[27229:8691074] SKScene: Setting the position of a SKScene has no effect.
2026-06-17 08:21:11.117 FacePong[27229:8691074] SKScene: Setting the position of a SKScene has no effect.
2026-06-17 08:21:11.134 FacePong[27229:8691074] SKScene: Setting the position of a SKScene has no effect.
2026-06-17 08:21:11.151 FacePong[27229:8691074] SKScene: Setting the position of a SKScene has no effect.
2026-06-17 08:21:11.167 FacePong[27229:8691074] SKScene: Setting the position of a SKScene has no effect.
FPEVT HIT p2 11 0.3339 562201.3341560417
2026-06-17 08:21:11.401 FacePong[27229:8691074] SKScene: Setting the position of a SKScene has no effect.
2026-06-17 08:21:11.417 FacePong[27229:8691074] SKScene: Setting the position of a SKScene has no effect.
2026-06-17 08:21:11.434 FacePong[27229:8691074] SKScene: Setting the position of a SKScene has no effect.
2026-06-17 08:21:11.450 FacePong[27229:8691074] SKScene: Setting the position of a SKScene has no effect.
2026-06-17 08:21:11.467 FacePong[27229:8691074] SKScene: Setting the position of a SKScene has no effect.
2026-06-17 08:21:11.484 FacePong[27229:8691074] SKScene: Setting the position of a SKScene has no effect.
2026-06-17 08:21:11.501 FacePong[27229:8691074] SKScene: Setting the position of a SKScene has no effect.
2026-06-17 08:21:11.517 FacePong[27229:8691074] SKScene: Setting the position of a SKScene has no effect.
2026-06-17 08:21:11.534 FacePong[27229:8691074] SKScene: Setting the position of a SKScene has no effect.
2026-06-17 08:21:11.550 FacePong[27229:8691074] SKScene: Setting the position of a SKScene has no effect.
2026-06-17 08:21:11.567 FacePong[27229:8691074] SKScene: Setting the position of a SKScene has no effect.
2026-06-17 08:21:11.584 FacePong[27229:8691074] SKScene: Setting the position of a SKScene has no effect.
2026-06-17 08:21:11.601 FacePong[27229:8691074] SKScene: Setting the position of a SKScene has no effect.
2026-06-17 08:21:11.617 FacePong[27229:8691074] SKScene: Setting the position of a SKScene has no effect.
2026-06-17 08:21:11.634 FacePong[27229:8691074] SKScene: Setting the position of a SKScene has no effect.
2026-06-17 08:21:11.651 FacePong[27229:8691074] SKScene: Setting the position of a SKScene has no effect.
FPEVT HIT p1 12 0.5250 562201.8174921251
2026-06-17 08:21:11.884 FacePong[27229:8691074] SKScene: Setting the position of a SKScene has no effect.
2026-06-17 08:21:11.901 FacePong[27229:8691074] SKScene: Setting the position of a SKScene has no effect.
2026-06-17 08:21:11.917 FacePong[27229:8691074] SKScene: Setting the position of a SKScene has no effect.
2026-06-17 08:21:11.934 FacePong[27229:8691074] SKScene: Setting the position of a SKScene has no effect.
2026-06-17 08:21:11.950 FacePong[27229:8691074] SKScene: Setting the position of a SKScene has no effect.
2026-06-17 08:21:11.967 FacePong[27229:8691074] SKScene: Setting the position of a SKScene has no effect.
2026-06-17 08:21:11.984 FacePong[27229:8691074] SKScene: Setting the position of a SKScene has no effect.
2026-06-17 08:21:12.000 FacePong[27229:8691074] SKScene: Setting the position of a SKScene has no effect.
2026-06-17 08:21:12.017 FacePong[27229:8691074] SKScene: Setting the position of a SKScene has no effect.
2026-06-17 08:21:12.034 FacePong[27229:8691074] SKScene: Setting the position of a SKScene has no effect.
2026-06-17 08:21:12.050 FacePong[27229:8691074] SKScene: Setting the position of a SKScene has no effect.
2026-06-17 08:21:12.067 FacePong[27229:8691074] SKScene: Setting the position of a SKScene has no effect.
2026-06-17 08:21:12.084 FacePong[27229:8691074] SKScene: Setting the position of a SKScene has no effect.
2026-06-17 08:21:12.100 FacePong[27229:8691074] SKScene: Setting the position of a SKScene has no effect.
2026-06-17 08:21:12.117 FacePong[27229:8691074] SKScene: Setting the position of a SKScene has no effect.
2026-06-17 08:21:12.134 FacePong[27229:8691074] SKScene: Setting the position of a SKScene has no effect.
FPEVT HIT p2 13 0.3199 562202.3008863751
2026-06-17 08:21:12.368 FacePong[27229:8691074] SKScene: Setting the position of a SKScene has no effect.
2026-06-17 08:21:12.384 FacePong[27229:8691074] SKScene: Setting the position of a SKScene has no effect.
2026-06-17 08:21:12.401 FacePong[27229:8691074] SKScene: Setting the position of a SKScene has no effect.
2026-06-17 08:21:12.417 FacePong[27229:8691074] SKScene: Setting the position of a SKScene has no effect.
2026-06-17 08:21:12.434 FacePong[27229:8691074] SKScene: Setting the position of a SKScene has no effect.
2026-06-17 08:21:12.451 FacePong[27229:8691074] SKScene: Setting the position of a SKScene has no effect.
2026-06-17 08:21:12.468 FacePong[27229:8691074] SKScene: Setting the position of a SKScene has no effect.
2026-06-17 08:21:12.484 FacePong[27229:8691074] SKScene: Setting the position of a SKScene has no effect.
2026-06-17 08:21:12.500 FacePong[27229:8691074] SKScene: Setting the position of a SKScene has no effect.
2026-06-17 08:21:12.518 FacePong[27229:8691074] SKScene: Setting the position of a SKScene has no effect.
2026-06-17 08:21:12.534 FacePong[27229:8691074] SKScene: Setting the position of a SKScene has no effect.
2026-06-17 08:21:12.551 FacePong[27229:8691074] SKScene: Setting the position of a SKScene has no effect.
2026-06-17 08:21:12.567 FacePong[27229:8691074] SKScene: Setting the position of a SKScene has no effect.
2026-06-17 08:21:12.583 FacePong[27229:8691074] SKScene: Setting the position of a SKScene has no effect.
2026-06-17 08:21:12.600 FacePong[27229:8691074] SKScene: Setting the position of a SKScene has no effect.
2026-06-17 08:21:12.617 FacePong[27229:8691074] SKScene: Setting the position of a SKScene has no effect.
FPEVT HIT p1 14 0.4008 562202.7672744168
2026-06-17 08:21:12.833 FacePong[27229:8691074] SKScene: Setting the position of a SKScene has no effect.
2026-06-17 08:21:12.850 FacePong[27229:8691074] SKScene: Setting the position of a SKScene has no effect.
2026-06-17 08:21:12.867 FacePong[27229:8691074] SKScene: Setting the position of a SKScene has no effect.
2026-06-17 08:21:12.883 FacePong[27229:8691074] SKScene: Setting the position of a SKScene has no effect.
2026-06-17 08:21:12.900 FacePong[27229:8691074] SKScene: Setting the position of a SKScene has no effect.
2026-06-17 08:21:12.917 FacePong[27229:8691074] SKScene: Setting the position of a SKScene has no effect.
2026-06-17 08:21:12.934 FacePong[27229:8691074] SKScene: Setting the position of a SKScene has no effect.
2026-06-17 08:21:12.950 FacePong[27229:8691074] SKScene: Setting the position of a SKScene has no effect.
2026-06-17 08:21:12.967 FacePong[27229:8691074] SKScene: Setting the position of a SKScene has no effect.
2026-06-17 08:21:12.984 FacePong[27229:8691074] SKScene: Setting the position of a SKScene has no effect.
2026-06-17 08:21:13.000 FacePong[27229:8691074] SKScene: Setting the position of a SKScene has no effect.
2026-06-17 08:21:13.017 FacePong[27229:8691074] SKScene: Setting the position of a SKScene has no effect.
2026-06-17 08:21:13.034 FacePong[27229:8691074] SKScene: Setting the position of a SKScene has no effect.
2026-06-17 08:21:13.051 FacePong[27229:8691074] SKScene: Setting the position of a SKScene has no effect.
2026-06-17 08:21:13.068 FacePong[27229:8691074] SKScene: Setting the position of a SKScene has no effect.
2026-06-17 08:21:13.084 FacePong[27229:8691074] SKScene: Setting the position of a SKScene has no effect.
FPEVT HIT p2 15 0.3318 562203.2509709168
2026-06-17 08:21:13.318 FacePong[27229:8691074] SKScene: Setting the position of a SKScene has no effect.
2026-06-17 08:21:13.334 FacePong[27229:8691074] SKScene: Setting the position of a SKScene has no effect.
2026-06-17 08:21:13.351 FacePong[27229:8691074] SKScene: Setting the position of a SKScene has no effect.
2026-06-17 08:21:13.367 FacePong[27229:8691074] SKScene: Setting the position of a SKScene has no effect.
2026-06-17 08:21:13.386 FacePong[27229:8691074] SKScene: Setting the position of a SKScene has no effect.
2026-06-17 08:21:13.401 FacePong[27229:8691074] SKScene: Setting the position of a SKScene has no effect.
2026-06-17 08:21:13.417 FacePong[27229:8691074] SKScene: Setting the position of a SKScene has no effect.
2026-06-17 08:21:13.434 FacePong[27229:8691074] SKScene: Setting the position of a SKScene has no effect.
2026-06-17 08:21:13.450 FacePong[27229:8691074] SKScene: Setting the position of a SKScene has no effect.
2026-06-17 08:21:13.467 FacePong[27229:8691074] SKScene: Setting the position of a SKScene has no effect.
2026-06-17 08:21:13.484 FacePong[27229:8691074] SKScene: Setting the position of a SKScene has no effect.
2026-06-17 08:21:13.501 FacePong[27229:8691074] SKScene: Setting the position of a SKScene has no effect.
2026-06-17 08:21:13.517 FacePong[27229:8691074] SKScene: Setting the position of a SKScene has no effect.
2026-06-17 08:21:13.533 FacePong[27229:8691074] SKScene: Setting the position of a SKScene has no effect.
2026-06-17 08:21:13.550 FacePong[27229:8691074] SKScene: Setting the position of a SKScene has no effect.
2026-06-17 08:21:13.568 FacePong[27229:8691074] SKScene: Setting the position of a SKScene has no effect.
FPEVT HIT p1 16 0.0928 562203.7341922502
2026-06-17 08:21:13.801 FacePong[27229:8691074] SKScene: Setting the position of a SKScene has no effect.
2026-06-17 08:21:13.817 FacePong[27229:8691074] SKScene: Setting the position of a SKScene has no effect.
2026-06-17 08:21:13.833 FacePong[27229:8691074] SKScene: Setting the position of a SKScene has no effect.
2026-06-17 08:21:13.851 FacePong[27229:8691074] SKScene: Setting the position of a SKScene has no effect.
2026-06-17 08:21:13.867 FacePong[27229:8691074] SKScene: Setting the position of a SKScene has no effect.
2026-06-17 08:21:13.884 FacePong[27229:8691074] SKScene: Setting the position of a SKScene has no effect.
2026-06-17 08:21:13.900 FacePong[27229:8691074] SKScene: Setting the position of a SKScene has no effect.
2026-06-17 08:21:13.917 FacePong[27229:8691074] SKScene: Setting the position of a SKScene has no effect.
2026-06-17 08:21:13.934 FacePong[27229:8691074] SKScene: Setting the position of a SKScene has no effect.
2026-06-17 08:21:13.950 FacePong[27229:8691074] SKScene: Setting the position of a SKScene has no effect.
2026-06-17 08:21:13.967 FacePong[27229:8691074] SKScene: Setting the position of a SKScene has no effect.
2026-06-17 08:21:13.984 FacePong[27229:8691074] SKScene: Setting the position of a SKScene has no effect.
FPEVT WALL 0.0433 562203.9339170001
2026-06-17 08:21:14.000 FacePong[27229:8691074] SKScene: Setting the position of a SKScene has no effect.
2026-06-17 08:21:14.017 FacePong[27229:8691074] SKScene: Setting the position of a SKScene has no effect.
2026-06-17 08:21:14.033 FacePong[27229:8691074] SKScene: Setting the position of a SKScene has no effect.
2026-06-17 08:21:14.050 FacePong[27229:8691074] SKScene: Setting the position of a SKScene has no effect.
FPEVT HIT p2 17 0.1199 562204.2172655001
2026-06-17 08:21:14.283 FacePong[27229:8691074] SKScene: Setting the position of a SKScene has no effect.
2026-06-17 08:21:14.300 FacePong[27229:8691074] SKScene: Setting the position of a SKScene has no effect.
2026-06-17 08:21:14.317 FacePong[27229:8691074] SKScene: Setting the position of a SKScene has no effect.
2026-06-17 08:21:14.334 FacePong[27229:8691074] SKScene: Setting the position of a SKScene has no effect.
2026-06-17 08:21:14.350 FacePong[27229:8691074] SKScene: Setting the position of a SKScene has no effect.
2026-06-17 08:21:14.367 FacePong[27229:8691074] SKScene: Setting the position of a SKScene has no effect.
2026-06-17 08:21:14.383 FacePong[27229:8691074] SKScene: Setting the position of a SKScene has no effect.
2026-06-17 08:21:14.400 FacePong[27229:8691074] SKScene: Setting the position of a SKScene has no effect.
2026-06-17 08:21:14.417 FacePong[27229:8691074] SKScene: Setting the position of a SKScene has no effect.
2026-06-17 08:21:14.433 FacePong[27229:8691074] SKScene: Setting the position of a SKScene has no effect.
2026-06-17 08:21:14.450 FacePong[27229:8691074] SKScene: Setting the position of a SKScene has no effect.
2026-06-17 08:21:14.467 FacePong[27229:8691074] SKScene: Setting the position of a SKScene has no effect.
2026-06-17 08:21:14.484 FacePong[27229:8691074] SKScene: Setting the position of a SKScene has no effect.
2026-06-17 08:21:14.501 FacePong[27229:8691074] SKScene: Setting the position of a SKScene has no effect.
2026-06-17 08:21:14.517 FacePong[27229:8691074] SKScene: Setting the position of a SKScene has no effect.
2026-06-17 08:21:14.533 FacePong[27229:8691074] SKScene: Setting the position of a SKScene has no effect.
FPEVT HIT p1 18 0.0771 562204.7010974585
2026-06-17 08:21:14.769 FacePong[27229:8691074] SKScene: Setting the position of a SKScene has no effect.
2026-06-17 08:21:14.783 FacePong[27229:8691074] SKScene: Setting the position of a SKScene has no effect.
2026-06-17 08:21:14.800 FacePong[27229:8691074] SKScene: Setting the position of a SKScene has no effect.
2026-06-17 08:21:14.817 FacePong[27229:8691074] SKScene: Setting the position of a SKScene has no effect.
2026-06-17 08:21:14.834 FacePong[27229:8691074] SKScene: Setting the position of a SKScene has no effect.
2026-06-17 08:21:14.851 FacePong[27229:8691074] SKScene: Setting the position of a SKScene has no effect.
FPEVT WALL 0.0413 562204.8006306668
2026-06-17 08:21:14.868 FacePong[27229:8691074] SKScene: Setting the position of a SKScene has no effect.
2026-06-17 08:21:14.884 FacePong[27229:8691074] SKScene: Setting the position of a SKScene has no effect.
2026-06-17 08:21:14.901 FacePong[27229:8691074] SKScene: Setting the position of a SKScene has no effect.
2026-06-17 08:21:14.918 FacePong[27229:8691074] SKScene: Setting the position of a SKScene has no effect.
2026-06-17 08:21:14.934 FacePong[27229:8691074] SKScene: Setting the position of a SKScene has no effect.
2026-06-17 08:21:14.950 FacePong[27229:8691074] SKScene: Setting the position of a SKScene has no effect.
2026-06-17 08:21:14.967 FacePong[27229:8691074] SKScene: Setting the position of a SKScene has no effect.
2026-06-17 08:21:14.984 FacePong[27229:8691074] SKScene: Setting the position of a SKScene has no effect.
2026-06-17 08:21:15.001 FacePong[27229:8691074] SKScene: Setting the position of a SKScene has no effect.
2026-06-17 08:21:15.018 FacePong[27229:8691074] SKScene: Setting the position of a SKScene has no effect.
com.facepong.app: 27229
