FPEVT SYNC 562212.0458720002
FPEVT HIT p2 1 0.3806 562212.5853663752
FPEVT HIT p1 2 0.3429 562213.5844392085
FPEVT HIT p2 3 0.0736 562214.5007030835
FPEVT WALL 0.0437 562214.5839081667
FPEVT HIT p1 4 0.3683 562215.3510362918
2026-06-17 08:21:25.418 FacePong[27257:8691676] SKScene: Setting the position of a SKScene has no effect.
2026-06-17 08:21:25.434 FacePong[27257:8691676] SKScene: Setting the position of a SKScene has no effect.
2026-06-17 08:21:25.450 FacePong[27257:8691676] SKScene: Setting the position of a SKScene has no effect.
2026-06-17 08:21:25.467 FacePong[27257:8691676] SKScene: Setting the position of a SKScene has no effect.
2026-06-17 08:21:25.484 FacePong[27257:8691676] SKScene: Setting the position of a SKScene has no effect.
2026-06-17 08:21:25.500 FacePong[27257:8691676] SKScene: Setting the position of a SKScene has no effect.
2026-06-17 08:21:25.517 FacePong[27257:8691676] SKScene: Setting the position of a SKScene has no effect.
2026-06-17 08:21:25.534 FacePong[27257:8691676] SKScene: Setting the position of a SKScene has no effect.
2026-06-17 08:21:25.550 FacePong[27257:8691676] SKScene: Setting the position of a SKScene has no effect.
2026-06-17 08:21:25.567 FacePong[27257:8691676] SKScene: Setting the position of a SKScene has no effect.
2026-06-17 08:21:25.584 FacePong[27257:8691676] SKScene: Setting the position of a SKScene has no effect.
2026-06-17 08:21:25.600 FacePong[27257:8691676] SKScene: Setting the position of a SKScene has no effect.
2026-06-17 08:21:25.617 FacePong[27257:8691676] SKScene: Setting the position of a SKScene has no effect.
2026-06-17 08:21:25.635 FacePong[27257:8691676] SKScene: Setting the position of a SKScene has no effect.
2026-06-17 08:21:25.650 FacePong[27257:8691676] SKScene: Setting the position of a SKScene has no effect.
2026-06-17 08:21:25.667 FacePong[27257:8691676] SKScene: Setting the position of a SKScene has no effect.
FPEVT HIT p2 5 0.6751 562216.1175179168
2026-06-17 08:21:26.184 FacePong[27257:8691676] SKScene: Setting the position of a SKScene has no effect.
2026-06-17 08:21:26.250 FacePong[27257:8691676] SKScene: Setting the position of a SKScene has no effect.
2026-06-17 08:21:26.267 FacePong[27257:8691676] SKScene: Setting the position of a SKScene has no effect.
2026-06-17 08:21:26.300 FacePong[27257:8691676] SKScene: Setting the position of a SKScene has no effect.
2026-06-17 08:21:26.316 FacePong[27257:8691676] SKScene: Setting the position of a SKScene has no effect.
2026-06-17 08:21:26.333 FacePong[27257:8691676] SKScene: Setting the position of a SKScene has no effect.
2026-06-17 08:21:26.350 FacePong[27257:8691676] SKScene: Setting the position of a SKScene has no effect.
2026-06-17 08:21:26.366 FacePong[27257:8691676] SKScene: Setting the position of a SKScene has no effect.
2026-06-17 08:21:26.383 FacePong[27257:8691676] SKScene: Setting the position of a SKScene has no effect.
2026-06-17 08:21:26.400 FacePong[27257:8691676] SKScene: Setting the position of a SKScene has no effect.
2026-06-17 08:21:26.417 FacePong[27257:8691676] SKScene: Setting the position of a SKScene has no effect.
2026-06-17 08:21:26.433 FacePong[27257:8691676] SKScene: Setting the position of a SKScene has no effect.
FPEVT HIT p1 6 0.8523 562216.8341069168
2026-06-17 08:21:26.901 FacePong[27257:8691676] SKScene: Setting the position of a SKScene has no effect.
2026-06-17 08:21:26.916 FacePong[27257:8691676] SKScene: Setting the position of a SKScene has no effect.
2026-06-17 08:21:26.933 FacePong[27257:8691676] SKScene: Setting the position of a SKScene has no effect.
2026-06-17 08:21:26.950 FacePong[27257:8691676] SKScene: Setting the position of a SKScene has no effect.
2026-06-17 08:21:26.967 FacePong[27257:8691676] SKScene: Setting the position of a SKScene has no effect.
2026-06-17 08:21:26.984 FacePong[27257:8691676] SKScene: Setting the position of a SKScene has no effect.
2026-06-17 08:21:27.000 FacePong[27257:8691676] SKScene: Setting the position of a SKScene has no effect.
2026-06-17 08:21:27.017 FacePong[27257:8691676] SKScene: Setting the position of a SKScene has no effect.
2026-06-17 08:21:27.034 FacePong[27257:8691676] SKScene: Setting the position of a SKScene has no effect.
2026-06-17 08:21:27.050 FacePong[27257:8691676] SKScene: Setting the position of a SKScene has no effect.
2026-06-17 08:21:27.067 FacePong[27257:8691676] SKScene: Setting the position of a SKScene has no effect.
2026-06-17 08:21:27.083 FacePong[27257:8691676] SKScene: Setting the position of a SKScene has no effect.
2026-06-17 08:21:27.100 FacePong[27257:8691676] SKScene: Setting the position of a SKScene has no effect.
2026-06-17 08:21:27.117 FacePong[27257:8691676] SKScene: Setting the position of a SKScene has no effect.
2026-06-17 08:21:27.133 FacePong[27257:8691676] SKScene: Setting the position of a SKScene has no effect.
2026-06-17 08:21:27.150 FacePong[27257:8691676] SKScene: Setting the position of a SKScene has no effect.
FPEVT HIT p2 7 0.7844 562217.5008649168
2026-06-17 08:21:27.567 FacePong[27257:8691676] SKScene: Setting the position of a SKScene has no effect.
2026-06-17 08:21:27.583 FacePong[27257:8691676] SKScene: Setting the position of a SKScene has no effect.
2026-06-17 08:21:27.600 FacePong[27257:8691676] SKScene: Setting the position of a SKScene has no effect.
2026-06-17 08:21:27.617 FacePong[27257:8691676] SKScene: Setting the position of a SKScene has no effect.
2026-06-17 08:21:27.634 FacePong[27257:8691676] SKScene: Setting the position of a SKScene has no effect.
2026-06-17 08:21:27.650 FacePong[27257:8691676] SKScene: Setting the position of a SKScene has no effect.
2026-06-17 08:21:27.667 FacePong[27257:8691676] SKScene: Setting the position of a SKScene has no effect.
2026-06-17 08:21:27.684 FacePong[27257:8691676] SKScene: Setting the position of a SKScene has no effect.
2026-06-17 08:21:27.700 FacePong[27257:8691676] SKScene: Setting the position of a SKScene has no effect.
2026-06-17 08:21:27.717 FacePong[27257:8691676] SKScene: Setting the position of a SKScene has no effect.
2026-06-17 08:21:27.733 FacePong[27257:8691676] SKScene: Setting the position of a SKScene has no effect.
2026-06-17 08:21:27.750 FacePong[27257:8691676] SKScene: Setting the position of a SKScene has no effect.
2026-06-17 08:21:27.767 FacePong[27257:8691676] SKScene: Setting the position of a SKScene has no effect.
2026-06-17 08:21:27.784 FacePong[27257:8691676] SKScene: Setting the position of a SKScene has no effect.
2026-06-17 08:21:27.800 FacePong[27257:8691676] SKScene: Setting the position of a SKScene has no effect.
2026-06-17 08:21:27.817 FacePong[27257:8691676] SKScene: Setting the position of a SKScene has no effect.
FPEVT HIT p1 8 0.8222 562218.1007531252
2026-06-17 08:21:28.167 FacePong[27257:8691676] SKScene: Setting the position of a SKScene has no effect.
2026-06-17 08:21:28.183 FacePong[27257:8691676] SKScene: Setting the position of a SKScene has no effect.
2026-06-17 08:21:28.200 FacePong[27257:8691676] SKScene: Setting the position of a SKScene has no effect.
2026-06-17 08:21:28.217 FacePong[27257:8691676] SKScene: Setting the position of a SKScene has no effect.
2026-06-17 08:21:28.233 FacePong[27257:8691676] SKScene: Setting the position of a SKScene has no effect.
2026-06-17 08:21:28.250 FacePong[27257:8691676] SKScene: Setting the position of a SKScene has no effect.
2026-06-17 08:21:28.266 FacePong[27257:8691676] SKScene: Setting the position of a SKScene has no effect.
2026-06-17 08:21:28.283 FacePong[27257:8691676] SKScene: Setting the position of a SKScene has no effect.
2026-06-17 08:21:28.300 FacePong[27257:8691676] SKScene: Setting the position of a SKScene has no effect.
2026-06-17 08:21:28.316 FacePong[27257:8691676] SKScene: Setting the position of a SKScene has no effect.
2026-06-17 08:21:28.333 FacePong[27257:8691676] SKScene: Setting the position of a SKScene has no effect.
2026-06-17 08:21:28.350 FacePong[27257:8691676] SKScene: Setting the position of a SKScene has no effect.
2026-06-17 08:21:28.366 FacePong[27257:8691676] SKScene: Setting the position of a SKScene has no effect.
2026-06-17 08:21:28.383 FacePong[27257:8691676] SKScene: Setting the position of a SKScene has no effect.
2026-06-17 08:21:28.400 FacePong[27257:8691676] SKScene: Setting the position of a SKScene has no effect.
2026-06-17 08:21:28.416 FacePong[27257:8691676] SKScene: Setting the position of a SKScene has no effect.
FPEVT WALL 0.9583 562218.4338627917
FPEVT HIT p2 9 0.8621 562218.6674446668
2026-06-17 08:21:28.734 FacePong[27257:8691676] SKScene: Setting the position of a SKScene has no effect.
2026-06-17 08:21:28.750 FacePong[27257:8691676] SKScene: Setting the position of a SKScene has no effect.
2026-06-17 08:21:28.767 FacePong[27257:8691676] SKScene: Setting the position of a SKScene has no effect.
2026-06-17 08:21:28.783 FacePong[27257:8691676] SKScene: Setting the position of a SKScene has no effect.
2026-06-17 08:21:28.800 FacePong[27257:8691676] SKScene: Setting the position of a SKScene has no effect.
2026-06-17 08:21:28.817 FacePong[27257:8691676] SKScene: Setting the position of a SKScene has no effect.
2026-06-17 08:21:28.834 FacePong[27257:8691676] SKScene: Setting the position of a SKScene has no effect.
2026-06-17 08:21:28.850 FacePong[27257:8691676] SKScene: Setting the position of a SKScene has no effect.
2026-06-17 08:21:28.867 FacePong[27257:8691676] SKScene: Setting the position of a SKScene has no effect.
2026-06-17 08:21:28.884 FacePong[27257:8691676] SKScene: Setting the position of a SKScene has no effect.
2026-06-17 08:21:28.900 FacePong[27257:8691676] SKScene: Setting the position of a SKScene has no effect.
2026-06-17 08:21:28.917 FacePong[27257:8691676] SKScene: Setting the position of a SKScene has no effect.
2026-06-17 08:21:28.934 FacePong[27257:8691676] SKScene: Setting the position of a SKScene has no effect.
2026-06-17 08:21:28.950 FacePong[27257:8691676] SKScene: Setting the position of a SKScene has no effect.
2026-06-17 08:21:28.967 FacePong[27257:8691676] SKScene: Setting the position of a SKScene has no effect.
2026-06-17 08:21:28.983 FacePong[27257:8691676] SKScene: Setting the position of a SKScene has no effect.
FPEVT HIT p1 10 0.8455 562219.1841255835
2026-06-17 08:21:29.250 FacePong[27257:8691676] SKScene: Setting the position of a SKScene has no effect.
2026-06-17 08:21:29.266 FacePong[27257:8691676] SKScene: Setting the position of a SKScene has no effect.
2026-06-17 08:21:29.284 FacePong[27257:8691676] SKScene: Setting the position of a SKScene has no effect.
2026-06-17 08:21:29.317 FacePong[27257:8691676] SKScene: Setting the position of a SKScene has no effect.
2026-06-17 08:21:29.333 FacePong[27257:8691676] SKScene: Setting the position of a SKScene has no effect.
2026-06-17 08:21:29.350 FacePong[27257:8691676] SKScene: Setting the position of a SKScene has no effect.
2026-06-17 08:21:29.367 FacePong[27257:8691676] SKScene: Setting the position of a SKScene has no effect.
2026-06-17 08:21:29.383 FacePong[27257:8691676] SKScene: Setting the position of a SKScene has no effect.
2026-06-17 08:21:29.400 FacePong[27257:8691676] SKScene: Setting the position of a SKScene has no effect.
2026-06-17 08:21:29.417 FacePong[27257:8691676] SKScene: Setting the position of a SKScene has no effect.
2026-06-17 08:21:29.433 FacePong[27257:8691676] SKScene: Setting the position of a SKScene has no effect.
2026-06-17 08:21:29.450 FacePong[27257:8691676] SKScene: Setting the position of a SKScene has no effect.
2026-06-17 08:21:29.467 FacePong[27257:8691676] SKScene: Setting the position of a SKScene has no effect.
2026-06-17 08:21:29.483 FacePong[27257:8691676] SKScene: Setting the position of a SKScene has no effect.
2026-06-17 08:21:29.500 FacePong[27257:8691676] SKScene: Setting the position of a SKScene has no effect.
FPEVT HIT p2 11 0.9573 562219.6674647918
FPEVT WALL 0.9573 562219.6675055835
2026-06-17 08:21:29.733 FacePong[27257:8691676] SKScene: Setting the position of a SKScene has no effect.
FPEVT WALL 0.9511 562219.6839106667
2026-06-17 08:21:29.750 FacePong[27257:8691676] SKScene: Setting the position of a SKScene has no effect.
2026-06-17 08:21:29.767 FacePong[27257:8691676] SKScene: Setting the position of a SKScene has no effect.
2026-06-17 08:21:29.783 FacePong[27257:8691676] SKScene: Setting the position of a SKScene has no effect.
2026-06-17 08:21:29.800 FacePong[27257:8691676] SKScene: Setting the position of a SKScene has no effect.
2026-06-17 08:21:29.817 FacePong[27257:8691676] SKScene: Setting the position of a SKScene has no effect.
2026-06-17 08:21:29.833 FacePong[27257:8691676] SKScene: Setting the position of a SKScene has no effect.
2026-06-17 08:21:29.850 FacePong[27257:8691676] SKScene: Setting the position of a SKScene has no effect.
2026-06-17 08:21:29.867 FacePong[27257:8691676] SKScene: Setting the position of a SKScene has no effect.
2026-06-17 08:21:29.884 FacePong[27257:8691676] SKScene: Setting the position of a SKScene has no effect.
2026-06-17 08:21:29.900 FacePong[27257:8691676] SKScene: Setting the position of a SKScene has no effect.
2026-06-17 08:21:29.917 FacePong[27257:8691676] SKScene: Setting the position of a SKScene has no effect.
2026-06-17 08:21:29.934 FacePong[27257:8691676] SKScene: Setting the position of a SKScene has no effect.
2026-06-17 08:21:29.950 FacePong[27257:8691676] SKScene: Setting the position of a SKScene has no effect.
2026-06-17 08:21:29.967 FacePong[27257:8691676] SKScene: Setting the position of a SKScene has no effect.
2026-06-17 08:21:29.984 FacePong[27257:8691676] SKScene: Setting the position of a SKScene has no effect.
FPEVT HIT p1 12 0.6830 562220.1508440418
2026-06-17 08:21:30.217 FacePong[27257:8691676] SKScene: Setting the position of a SKScene has no effect.
2026-06-17 08:21:30.233 FacePong[27257:8691676] SKScene: Setting the position of a SKScene has no effect.
2026-06-17 08:21:30.250 FacePong[27257:8691676] SKScene: Setting the position of a SKScene has no effect.
2026-06-17 08:21:30.266 FacePong[27257:8691676] SKScene: Setting the position of a SKScene has no effect.
2026-06-17 08:21:30.283 FacePong[27257:8691676] SKScene: Setting the position of a SKScene has no effect.
2026-06-17 08:21:30.300 FacePong[27257:8691676] SKScene: Setting the position of a SKScene has no effect.
2026-06-17 08:21:30.316 FacePong[27257:8691676] SKScene: Setting the position of a SKScene has no effect.
2026-06-17 08:21:30.333 FacePong[27257:8691676] SKScene: Setting the position of a SKScene has no effect.
2026-06-17 08:21:30.350 FacePong[27257:8691676] SKScene: Setting the position of a SKScene has no effect.
2026-06-17 08:21:30.366 FacePong[27257:8691676] SKScene: Setting the position of a SKScene has no effect.
2026-06-17 08:21:30.383 FacePong[27257:8691676] SKScene: Setting the position of a SKScene has no effect.
2026-06-17 08:21:30.400 FacePong[27257:8691676] SKScene: Setting the position of a SKScene has no effect.
2026-06-17 08:21:30.416 FacePong[27257:8691676] SKScene: Setting the position of a SKScene has no effect.
2026-06-17 08:21:30.433 FacePong[27257:8691676] SKScene: Setting the position of a SKScene has no effect.
2026-06-17 08:21:30.450 FacePong[27257:8691676] SKScene: Setting the position of a SKScene has no effect.
2026-06-17 08:21:30.466 FacePong[27257:8691676] SKScene: Setting the position of a SKScene has no effect.
FPEVT HIT p2 13 0.4178 562220.6508606668
2026-06-17 08:21:30.717 FacePong[27257:8691676] SKScene: Setting the position of a SKScene has no effect.
2026-06-17 08:21:30.733 FacePong[27257:8691676] SKScene: Setting the position of a SKScene has no effect.
2026-06-17 08:21:30.750 FacePong[27257:8691676] SKScene: Setting the position of a SKScene has no effect.
2026-06-17 08:21:30.770 FacePong[27257:8691676] SKScene: Setting the position of a SKScene has no effect.
2026-06-17 08:21:30.783 FacePong[27257:8691676] SKScene: Setting the position of a SKScene has no effect.
2026-06-17 08:21:30.800 FacePong[27257:8691676] SKScene: Setting the position of a SKScene has no effect.
2026-06-17 08:21:30.817 FacePong[27257:8691676] SKScene: Setting the position of a SKScene has no effect.
2026-06-17 08:21:30.833 FacePong[27257:8691676] SKScene: Setting the position of a SKScene has no effect.
2026-06-17 08:21:30.850 FacePong[27257:8691676] SKScene: Setting the position of a SKScene has no effect.
2026-06-17 08:21:30.867 FacePong[27257:8691676] SKScene: Setting the position of a SKScene has no effect.
2026-06-17 08:21:30.883 FacePong[27257:8691676] SKScene: Setting the position of a SKScene has no effect.
2026-06-17 08:21:30.900 FacePong[27257:8691676] SKScene: Setting the position of a SKScene has no effect.
2026-06-17 08:21:30.917 FacePong[27257:8691676] SKScene: Setting the position of a SKScene has no effect.
2026-06-17 08:21:30.933 FacePong[27257:8691676] SKScene: Setting the position of a SKScene has no effect.
2026-06-17 08:21:30.950 FacePong[27257:8691676] SKScene: Setting the position of a SKScene has no effect.
2026-06-17 08:21:30.967 FacePong[27257:8691676] SKScene: Setting the position of a SKScene has no effect.
FPEVT HIT p1 14 0.4921 562221.1173957918
2026-06-17 08:21:31.184 FacePong[27257:8691676] SKScene: Setting the position of a SKScene has no effect.
2026-06-17 08:21:31.200 FacePong[27257:8691676] SKScene: Setting the position of a SKScene has no effect.
2026-06-17 08:21:31.217 FacePong[27257:8691676] SKScene: Setting the position of a SKScene has no effect.
2026-06-17 08:21:31.233 FacePong[27257:8691676] SKScene: Setting the position of a SKScene has no effect.
2026-06-17 08:21:31.250 FacePong[27257:8691676] SKScene: Setting the position of a SKScene has no effect.
2026-06-17 08:21:31.267 FacePong[27257:8691676] SKScene: Setting the position of a SKScene has no effect.
2026-06-17 08:21:31.283 FacePong[27257:8691676] SKScene: Setting the position of a SKScene has no effect.
2026-06-17 08:21:31.300 FacePong[27257:8691676] SKScene: Setting the position of a SKScene has no effect.
2026-06-17 08:21:31.317 FacePong[27257:8691676] SKScene: Setting the position of a SKScene has no effect.
2026-06-17 08:21:31.333 FacePong[27257:8691676] SKScene: Setting the position of a SKScene has no effect.
2026-06-17 08:21:31.350 FacePong[27257:8691676] SKScene: Setting the position of a SKScene has no effect.
2026-06-17 08:21:31.367 FacePong[27257:8691676] SKScene: Setting the position of a SKScene has no effect.
2026-06-17 08:21:31.383 FacePong[27257:8691676] SKScene: Setting the position of a SKScene has no effect.
2026-06-17 08:21:31.400 FacePong[27257:8691676] SKScene: Setting the position of a SKScene has no effect.
2026-06-17 08:21:31.417 FacePong[27257:8691676] SKScene: Setting the position of a SKScene has no effect.
2026-06-17 08:21:31.433 FacePong[27257:8691676] SKScene: Setting the position of a SKScene has no effect.
FPEVT HIT p2 15 0.4243 562221.6009962918
2026-06-17 08:21:31.668 FacePong[27257:8691676] SKScene: Setting the position of a SKScene has no effect.
2026-06-17 08:21:31.683 FacePong[27257:8691676] SKScene: Setting the position of a SKScene has no effect.
2026-06-17 08:21:31.700 FacePong[27257:8691676] SKScene: Setting the position of a SKScene has no effect.
2026-06-17 08:21:31.717 FacePong[27257:8691676] SKScene: Setting the position of a SKScene has no effect.
2026-06-17 08:21:31.733 FacePong[27257:8691676] SKScene: Setting the position of a SKScene has no effect.
2026-06-17 08:21:31.750 FacePong[27257:8691676] SKScene: Setting the position of a SKScene has no effect.
2026-06-17 08:21:31.767 FacePong[27257:8691676] SKScene: Setting the position of a SKScene has no effect.
2026-06-17 08:21:31.783 FacePong[27257:8691676] SKScene: Setting the position of a SKScene has no effect.
2026-06-17 08:21:31.800 FacePong[27257:8691676] SKScene: Setting the position of a SKScene has no effect.
2026-06-17 08:21:31.817 FacePong[27257:8691676] SKScene: Setting the position of a SKScene has no effect.
2026-06-17 08:21:31.833 FacePong[27257:8691676] SKScene: Setting the position of a SKScene has no effect.
2026-06-17 08:21:31.850 FacePong[27257:8691676] SKScene: Setting the position of a SKScene has no effect.
2026-06-17 08:21:31.867 FacePong[27257:8691676] SKScene: Setting the position of a SKScene has no effect.
2026-06-17 08:21:31.883 FacePong[27257:8691676] SKScene: Setting the position of a SKScene has no effect.
2026-06-17 08:21:31.900 FacePong[27257:8691676] SKScene: Setting the position of a SKScene has no effect.
2026-06-17 08:21:31.917 FacePong[27257:8691676] SKScene: Setting the position of a SKScene has no effect.
FPEVT HIT p1 16 0.1850 562222.0842687085
2026-06-17 08:21:32.150 FacePong[27257:8691676] SKScene: Setting the position of a SKScene has no effect.
2026-06-17 08:21:32.166 FacePong[27257:8691676] SKScene: Setting the position of a SKScene has no effect.
2026-06-17 08:21:32.183 FacePong[27257:8691676] SKScene: Setting the position of a SKScene has no effect.
2026-06-17 08:21:32.200 FacePong[27257:8691676] SKScene: Setting the position of a SKScene has no effect.
2026-06-17 08:21:32.217 FacePong[27257:8691676] SKScene: Setting the position of a SKScene has no effect.
2026-06-17 08:21:32.233 FacePong[27257:8691676] SKScene: Setting the position of a SKScene has no effect.
2026-06-17 08:21:32.250 FacePong[27257:8691676] SKScene: Setting the position of a SKScene has no effect.
2026-06-17 08:21:32.267 FacePong[27257:8691676] SKScene: Setting the position of a SKScene has no effect.
2026-06-17 08:21:32.283 FacePong[27257:8691676] SKScene: Setting the position of a SKScene has no effect.
2026-06-17 08:21:32.299 FacePong[27257:8691676] SKScene: Setting the position of a SKScene has no effect.
2026-06-17 08:21:32.316 FacePong[27257:8691676] SKScene: Setting the position of a SKScene has no effect.
2026-06-17 08:21:32.333 FacePong[27257:8691676] SKScene: Setting the position of a SKScene has no effect.
2026-06-17 08:21:32.350 FacePong[27257:8691676] SKScene: Setting the position of a SKScene has no effect.
2026-06-17 08:21:32.367 FacePong[27257:8691676] SKScene: Setting the position of a SKScene has no effect.
2026-06-17 08:21:32.383 FacePong[27257:8691676] SKScene: Setting the position of a SKScene has no effect.
2026-06-17 08:21:32.400 FacePong[27257:8691676] SKScene: Setting the position of a SKScene has no effect.
FPEVT HIT p2 17 0.3504 562222.5674971668
2026-06-17 08:21:32.634 FacePong[27257:8691676] SKScene: Setting the position of a SKScene has no effect.
2026-06-17 08:21:32.650 FacePong[27257:8691676] SKScene: Setting the position of a SKScene has no effect.
2026-06-17 08:21:32.667 FacePong[27257:8691676] SKScene: Setting the position of a SKScene has no effect.
2026-06-17 08:21:32.683 FacePong[27257:8691676] SKScene: Setting the position of a SKScene has no effect.
2026-06-17 08:21:32.700 FacePong[27257:8691676] SKScene: Setting the position of a SKScene has no effect.
2026-06-17 08:21:32.716 FacePong[27257:8691676] SKScene: Setting the position of a SKScene has no effect.
2026-06-17 08:21:32.733 FacePong[27257:8691676] SKScene: Setting the position of a SKScene has no effect.
2026-06-17 08:21:32.751 FacePong[27257:8691676] SKScene: Setting the position of a SKScene has no effect.
2026-06-17 08:21:32.767 FacePong[27257:8691676] SKScene: Setting the position of a SKScene has no effect.
2026-06-17 08:21:32.783 FacePong[27257:8691676] SKScene: Setting the position of a SKScene has no effect.
2026-06-17 08:21:32.800 FacePong[27257:8691676] SKScene: Setting the position of a SKScene has no effect.
2026-06-17 08:21:32.817 FacePong[27257:8691676] SKScene: Setting the position of a SKScene has no effect.
2026-06-17 08:21:32.833 FacePong[27257:8691676] SKScene: Setting the position of a SKScene has no effect.
2026-06-17 08:21:32.851 FacePong[27257:8691676] SKScene: Setting the position of a SKScene has no effect.
2026-06-17 08:21:32.866 FacePong[27257:8691676] SKScene: Setting the position of a SKScene has no effect.
2026-06-17 08:21:32.883 FacePong[27257:8691676] SKScene: Setting the position of a SKScene has no effect.
FPEVT HIT p1 18 0.3844 562223.0505501251
2026-06-17 08:21:33.116 FacePong[27257:8691676] SKScene: Setting the position of a SKScene has no effect.
2026-06-17 08:21:33.133 FacePong[27257:8691676] SKScene: Setting the position of a SKScene has no effect.
2026-06-17 08:21:33.149 FacePong[27257:8691676] SKScene: Setting the position of a SKScene has no effect.
2026-06-17 08:21:33.166 FacePong[27257:8691676] SKScene: Setting the position of a SKScene has no effect.
2026-06-17 08:21:33.183 FacePong[27257:8691676] SKScene: Setting the position of a SKScene has no effect.
2026-06-17 08:21:33.199 FacePong[27257:8691676] SKScene: Setting the position of a SKScene has no effect.
2026-06-17 08:21:33.216 FacePong[27257:8691676] SKScene: Setting the position of a SKScene has no effect.
2026-06-17 08:21:33.233 FacePong[27257:8691676] SKScene: Setting the position of a SKScene has no effect.
2026-06-17 08:21:33.249 FacePong[27257:8691676] SKScene: Setting the position of a SKScene has no effect.
2026-06-17 08:21:33.266 FacePong[27257:8691676] SKScene: Setting the position of a SKScene has no effect.
2026-06-17 08:21:33.283 FacePong[27257:8691676] SKScene: Setting the position of a SKScene has no effect.
2026-06-17 08:21:33.299 FacePong[27257:8691676] SKScene: Setting the position of a SKScene has no effect.
2026-06-17 08:21:33.316 FacePong[27257:8691676] SKScene: Setting the position of a SKScene has no effect.
2026-06-17 08:21:33.333 FacePong[27257:8691676] SKScene: Setting the position of a SKScene has no effect.
2026-06-17 08:21:33.349 FacePong[27257:8691676] SKScene: Setting the position of a SKScene has no effect.
2026-06-17 08:21:33.366 FacePong[27257:8691676] SKScene: Setting the position of a SKScene has no effect.
FPEVT HIT p2 19 0.4300 562223.5339394168
2026-06-17 08:21:33.599 FacePong[27257:8691676] SKScene: Setting the position of a SKScene has no effect.
2026-06-17 08:21:33.616 FacePong[27257:8691676] SKScene: Setting the position of a SKScene has no effect.
2026-06-17 08:21:33.633 FacePong[27257:8691676] SKScene: Setting the position of a SKScene has no effect.
2026-06-17 08:21:33.649 FacePong[27257:8691676] SKScene: Setting the position of a SKScene has no effect.
2026-06-17 08:21:33.666 FacePong[27257:8691676] SKScene: Setting the position of a SKScene has no effect.
2026-06-17 08:21:33.683 FacePong[27257:8691676] SKScene: Setting the position of a SKScene has no effect.
2026-06-17 08:21:33.699 FacePong[27257:8691676] SKScene: Setting the position of a SKScene has no effect.
2026-06-17 08:21:33.716 FacePong[27257:8691676] SKScene: Setting the position of a SKScene has no effect.
2026-06-17 08:21:33.733 FacePong[27257:8691676] SKScene: Setting the position of a SKScene has no effect.
2026-06-17 08:21:33.749 FacePong[27257:8691676] SKScene: Setting the position of a SKScene has no effect.
2026-06-17 08:21:33.766 FacePong[27257:8691676] SKScene: Setting the position of a SKScene has no effect.
2026-06-17 08:21:33.783 FacePong[27257:8691676] SKScene: Setting the position of a SKScene has no effect.
2026-06-17 08:21:33.799 FacePong[27257:8691676] SKScene: Setting the position of a SKScene has no effect.
2026-06-17 08:21:33.816 FacePong[27257:8691676] SKScene: Setting the position of a SKScene has no effect.
2026-06-17 08:21:33.833 FacePong[27257:8691676] SKScene: Setting the position of a SKScene has no effect.
2026-06-17 08:21:33.849 FacePong[27257:8691676] SKScene: Setting the position of a SKScene has no effect.
com.facepong.app: 27257
